<?xml version="1.0" encoding="UTF-8"?>
<!-- Generated by org.testng.reporters.JUnitReportReporter -->
<testsuite skipped="0" hostname="ranjanabangas-MacBook-Pro.local" name="webserviceAssignment.getInfoofStudent" tests="1" failures="0" timestamp="2019-11-24T22:11:32 PST" time="3.564" errors="0">
  <testcase name="test001" time="3.564" classname="webserviceAssignment.getInfoofStudent"/>
</testsuite> <!-- webserviceAssignment.getInfoofStudent -->
